To use retry middleware with Faraday v2.0+, install `faraday-retry` gem
Configuration file: /Users/aadarsh/Documents/Coding/crabscioly/crabscioly-org.github.io/_config.yml
            Source: /Users/aadarsh/Documents/Coding/crabscioly/crabscioly-org.github.io
       Destination: /Users/aadarsh/Documents/Coding/crabscioly/crabscioly-org.github.io/_site
 Incremental build: disabled. Enable with --incremental
      Generating... 
      Remote Theme: Using theme mmistakes/minimal-mistakes
jekyll 3.10.0 | Error:  SSL_connect returned=1 errno=0 peeraddr=127.0.0.1:10011 state=error: certificate verify failed (unable to get certificate CRL)
/Users/aadarsh/.rbenv/versions/3.1.2/lib/ruby/3.1.0/net/protocol.rb:46:in `connect_nonblock': SSL_connect returned=1 errno=0 peeraddr=127.0.0.1:10011 state=error: certificate verify failed (unable to get certificate CRL) (OpenSSL::SSL::SSLError)
	from /Users/aadarsh/.rbenv/versions/3.1.2/lib/ruby/3.1.0/net/protocol.rb:46:in `ssl_socket_connect'
	from /Users/aadarsh/.rbenv/versions/3.1.2/lib/ruby/gems/3.1.0/gems/net-http-0.6.0/lib/net/http.rb:1742:in `connect'
	from /Users/aadarsh/.rbenv/versions/3.1.2/lib/ruby/gems/3.1.0/gems/net-http-0.6.0/lib/net/http.rb:1642:in `do_start'
	from /Users/aadarsh/.rbenv/versions/3.1.2/lib/ruby/gems/3.1.0/gems/net-http-0.6.0/lib/net/http.rb:1631:in `start'
	from /Users/aadarsh/.rbenv/versions/3.1.2/lib/ruby/gems/3.1.0/gems/net-http-0.6.0/lib/net/http.rb:1070:in `start'
	from /Users/aadarsh/.rbenv/versions/3.1.2/lib/ruby/gems/3.1.0/gems/jekyll-remote-theme-0.4.3/lib/jekyll-remote-theme/downloader.rb:42:in `download'
	from /Users/aadarsh/.rbenv/versions/3.1.2/lib/ruby/gems/3.1.0/gems/jekyll-remote-theme-0.4.3/lib/jekyll-remote-theme/downloader.rb:24:in `run'
	from /Users/aadarsh/.rbenv/versions/3.1.2/lib/ruby/gems/3.1.0/gems/jekyll-remote-theme-0.4.3/lib/jekyll-remote-theme/munger.rb:24:in `munge!'
	from /Users/aadarsh/.rbenv/versions/3.1.2/lib/ruby/gems/3.1.0/gems/jekyll-remote-theme-0.4.3/lib/jekyll-remote-theme.rb:27:in `init'
	from /Users/aadarsh/.rbenv/versions/3.1.2/lib/ruby/gems/3.1.0/gems/jekyll-remote-theme-0.4.3/lib/jekyll-remote-theme.rb:33:in `block in <top (required)>'
	from /Users/aadarsh/.rbenv/versions/3.1.2/lib/ruby/gems/3.1.0/gems/jekyll-3.10.0/lib/jekyll/hooks.rb:103:in `block in trigger'
	from /Users/aadarsh/.rbenv/versions/3.1.2/lib/ruby/gems/3.1.0/gems/jekyll-3.10.0/lib/jekyll/hooks.rb:102:in `each'
	from /Users/aadarsh/.rbenv/versions/3.1.2/lib/ruby/gems/3.1.0/gems/jekyll-3.10.0/lib/jekyll/hooks.rb:102:in `trigger'
	from /Users/aadarsh/.rbenv/versions/3.1.2/lib/ruby/gems/3.1.0/gems/jekyll-3.10.0/lib/jekyll/site.rb:105:in `reset'
	from /Users/aadarsh/.rbenv/versions/3.1.2/lib/ruby/gems/3.1.0/gems/jekyll-3.10.0/lib/jekyll/site.rb:68:in `process'
	from /Users/aadarsh/.rbenv/versions/3.1.2/lib/ruby/gems/3.1.0/gems/jekyll-3.10.0/lib/jekyll/command.rb:28:in `process_site'
	from /Users/aadarsh/.rbenv/versions/3.1.2/lib/ruby/gems/3.1.0/gems/jekyll-3.10.0/lib/jekyll/commands/build.rb:65:in `build'
	from /Users/aadarsh/.rbenv/versions/3.1.2/lib/ruby/gems/3.1.0/gems/jekyll-3.10.0/lib/jekyll/commands/build.rb:36:in `process'
	from /Users/aadarsh/.rbenv/versions/3.1.2/lib/ruby/gems/3.1.0/gems/jekyll-3.10.0/lib/jekyll/commands/serve.rb:93:in `block in start'
	from /Users/aadarsh/.rbenv/versions/3.1.2/lib/ruby/gems/3.1.0/gems/jekyll-3.10.0/lib/jekyll/commands/serve.rb:93:in `each'
	from /Users/aadarsh/.rbenv/versions/3.1.2/lib/ruby/gems/3.1.0/gems/jekyll-3.10.0/lib/jekyll/commands/serve.rb:93:in `start'
	from /Users/aadarsh/.rbenv/versions/3.1.2/lib/ruby/gems/3.1.0/gems/jekyll-3.10.0/lib/jekyll/commands/serve.rb:75:in `block (2 levels) in init_with_program'
	from /Users/aadarsh/.rbenv/versions/3.1.2/lib/ruby/gems/3.1.0/gems/mercenary-0.3.6/lib/mercenary/command.rb:220:in `block in execute'
	from /Users/aadarsh/.rbenv/versions/3.1.2/lib/ruby/gems/3.1.0/gems/mercenary-0.3.6/lib/mercenary/command.rb:220:in `each'
	from /Users/aadarsh/.rbenv/versions/3.1.2/lib/ruby/gems/3.1.0/gems/mercenary-0.3.6/lib/mercenary/command.rb:220:in `execute'
	from /Users/aadarsh/.rbenv/versions/3.1.2/lib/ruby/gems/3.1.0/gems/mercenary-0.3.6/lib/mercenary/program.rb:42:in `go'
	from /Users/aadarsh/.rbenv/versions/3.1.2/lib/ruby/gems/3.1.0/gems/mercenary-0.3.6/lib/mercenary.rb:19:in `program'
	from /Users/aadarsh/.rbenv/versions/3.1.2/lib/ruby/gems/3.1.0/gems/jekyll-3.10.0/exe/jekyll:15:in `<top (required)>'
	from /Users/aadarsh/.rbenv/versions/3.1.2/bin/jekyll:25:in `load'
	from /Users/aadarsh/.rbenv/versions/3.1.2/bin/jekyll:25:in `<top (required)>'
	from /Users/aadarsh/.rbenv/versions/3.1.2/lib/ruby/3.1.0/bundler/cli/exec.rb:58:in `load'
	from /Users/aadarsh/.rbenv/versions/3.1.2/lib/ruby/3.1.0/bundler/cli/exec.rb:58:in `kernel_load'
	from /Users/aadarsh/.rbenv/versions/3.1.2/lib/ruby/3.1.0/bundler/cli/exec.rb:23:in `run'
	from /Users/aadarsh/.rbenv/versions/3.1.2/lib/ruby/3.1.0/bundler/cli.rb:484:in `exec'
	from /Users/aadarsh/.rbenv/versions/3.1.2/lib/ruby/3.1.0/bundler/vendor/thor/lib/thor/command.rb:27:in `run'
	from /Users/aadarsh/.rbenv/versions/3.1.2/lib/ruby/3.1.0/bundler/vendor/thor/lib/thor/invocation.rb:127:in `invoke_command'
	from /Users/aadarsh/.rbenv/versions/3.1.2/lib/ruby/3.1.0/bundler/vendor/thor/lib/thor.rb:392:in `dispatch'
	from /Users/aadarsh/.rbenv/versions/3.1.2/lib/ruby/3.1.0/bundler/cli.rb:31:in `dispatch'
	from /Users/aadarsh/.rbenv/versions/3.1.2/lib/ruby/3.1.0/bundler/vendor/thor/lib/thor/base.rb:485:in `start'
	from /Users/aadarsh/.rbenv/versions/3.1.2/lib/ruby/3.1.0/bundler/cli.rb:25:in `start'
	from /Users/aadarsh/.rbenv/versions/3.1.2/lib/ruby/gems/3.1.0/gems/bundler-2.3.7/libexec/bundle:48:in `block in <top (required)>'
	from /Users/aadarsh/.rbenv/versions/3.1.2/lib/ruby/3.1.0/bundler/friendly_errors.rb:103:in `with_friendly_errors'
	from /Users/aadarsh/.rbenv/versions/3.1.2/lib/ruby/gems/3.1.0/gems/bundler-2.3.7/libexec/bundle:36:in `<top (required)>'
	from /Users/aadarsh/.rbenv/versions/3.1.2/bin/bundle:25:in `load'
	from /Users/aadarsh/.rbenv/versions/3.1.2/bin/bundle:25:in `<main>'
